<?xml version="1.0" encoding="UTF-8"?>
<testsuite name="fr.learn.LearnApplicationTests" tests="1" skipped="0" failures="0" errors="0" timestamp="2017-05-15T19:00:45" hostname="ider-Inspiron-3542" time="0.117">
  <properties/>
  <testcase name="contextLoads" classname="fr.learn.LearnApplicationTests" time="0.117"/>
  <system-out><![CDATA[21:00:35.723 [Test worker] DEBUG org.springframework.test.context.junit4.SpringJUnit4ClassRunner - SpringJUnit4ClassRunner constructor called with [class fr.learn.LearnApplicationTests]
21:00:35.733 [Test worker] DEBUG org.springframework.test.context.BootstrapUtils - Instantiating CacheAwareContextLoaderDelegate from class [org.springframework.test.context.cache.DefaultCacheAwareContextLoaderDelegate]
21:00:35.749 [Test worker] DEBUG org.springframework.test.context.BootstrapUtils - Instantiating BootstrapContext using constructor [public org.springframework.test.context.support.DefaultBootstrapContext(java.lang.Class,org.springframework.test.context.CacheAwareContextLoaderDelegate)]
21:00:35.780 [Test worker] DEBUG org.springframework.test.context.BootstrapUtils - Instantiating TestContextBootstrapper for test class [fr.learn.LearnApplicationTests] from class [org.springframework.boot.test.context.SpringBootTestContextBootstrapper]
21:00:35.804 [Test worker] INFO org.springframework.boot.test.context.SpringBootTestContextBootstrapper - Neither @ContextConfiguration nor @ContextHierarchy found for test class [fr.learn.LearnApplicationTests], using SpringBootContextLoader
21:00:35.811 [Test worker] DEBUG org.springframework.test.context.support.AbstractContextLoader - Did not detect default resource location for test class [fr.learn.LearnApplicationTests]: class path resource [fr/learn/LearnApplicationTests-context.xml] does not exist
21:00:35.813 [Test worker] DEBUG org.springframework.test.context.support.AbstractContextLoader - Did not detect default resource location for test class [fr.learn.LearnApplicationTests]: class path resource [fr/learn/LearnApplicationTestsContext.groovy] does not exist
21:00:35.814 [Test worker] INFO org.springframework.test.context.support.AbstractContextLoader - Could not detect default resource locations for test class [fr.learn.LearnApplicationTests]: no resource found for suffixes {-context.xml, Context.groovy}.
21:00:35.817 [Test worker] INFO org.springframework.test.context.support.AnnotationConfigContextLoaderUtils - Could not detect default configuration classes for test class [fr.learn.LearnApplicationTests]: LearnApplicationTests does not declare any static, non-private, non-final, nested classes annotated with @Configuration.
21:00:35.902 [Test worker] DEBUG org.springframework.test.context.support.ActiveProfilesUtils - Could not find an 'annotation declaring class' for annotation type [org.springframework.test.context.ActiveProfiles] and class [fr.learn.LearnApplicationTests]
21:00:35.921 [Test worker] DEBUG org.springframework.core.env.StandardEnvironment - Adding [systemProperties] PropertySource with lowest search precedence
21:00:35.924 [Test worker] DEBUG org.springframework.core.env.StandardEnvironment - Adding [systemEnvironment] PropertySource with lowest search precedence
21:00:35.925 [Test worker] DEBUG org.springframework.core.env.StandardEnvironment - Initialized StandardEnvironment with PropertySources [systemProperties,systemEnvironment]
21:00:35.946 [Test worker] DEBUG org.springframework.core.io.support.PathMatchingResourcePatternResolver - Resolved classpath location [fr/learn/] to resources [URL [file:/home/ider/Desktop/ajeter/learn%20hsqldb/build/classes/test/fr/learn/], URL [file:/home/ider/Desktop/ajeter/learn%20hsqldb/build/classes/main/fr/learn/]]
21:00:35.948 [Test worker] DEBUG org.springframework.core.io.support.PathMatchingResourcePatternResolver - Looking for matching resources in directory tree [/home/ider/Desktop/ajeter/learn hsqldb/build/classes/test/fr/learn]
21:00:35.949 [Test worker] DEBUG org.springframework.core.io.support.PathMatchingResourcePatternResolver - Searching directory [/home/ider/Desktop/ajeter/learn hsqldb/build/classes/test/fr/learn] for files matching pattern [/home/ider/Desktop/ajeter/learn hsqldb/build/classes/test/fr/learn/*.class]
21:00:35.955 [Test worker] DEBUG org.springframework.core.io.support.PathMatchingResourcePatternResolver - Looking for matching resources in directory tree [/home/ider/Desktop/ajeter/learn hsqldb/build/classes/main/fr/learn]
21:00:35.956 [Test worker] DEBUG org.springframework.core.io.support.PathMatchingResourcePatternResolver - Searching directory [/home/ider/Desktop/ajeter/learn hsqldb/build/classes/main/fr/learn] for files matching pattern [/home/ider/Desktop/ajeter/learn hsqldb/build/classes/main/fr/learn/*.class]
21:00:35.958 [Test worker] DEBUG org.springframework.core.io.support.PathMatchingResourcePatternResolver - Resolved location pattern [classpath*:fr/learn/*.class] to resources [file [/home/ider/Desktop/ajeter/learn hsqldb/build/classes/test/fr/learn/LearnApplicationTests.class], file [/home/ider/Desktop/ajeter/learn hsqldb/build/classes/main/fr/learn/LearnApplication.class], file [/home/ider/Desktop/ajeter/learn hsqldb/build/classes/main/fr/learn/SecurityConfig.class]]
21:00:36.053 [Test worker] DEBUG org.springframework.context.annotation.ClassPathScanningCandidateComponentProvider - Identified candidate component class: file [/home/ider/Desktop/ajeter/learn hsqldb/build/classes/main/fr/learn/LearnApplication.class]
21:00:36.069 [Test worker] INFO org.springframework.boot.test.context.SpringBootTestContextBootstrapper - Found @SpringBootConfiguration fr.learn.LearnApplication for test class fr.learn.LearnApplicationTests
21:00:36.077 [Test worker] DEBUG org.springframework.boot.test.context.SpringBootTestContextBootstrapper - @TestExecutionListeners is not present for class [fr.learn.LearnApplicationTests]: using defaults.
21:00:36.086 [Test worker] INFO org.springframework.boot.test.context.SpringBootTestContextBootstrapper - Loaded default TestExecutionListener class names from location [META-INF/spring.factories]: [org.springframework.boot.test.mock.mockito.MockitoTestExecutionListener, org.springframework.boot.test.mock.mockito.ResetMocksTestExecutionListener, org.springframework.boot.test.autoconfigure.restdocs.RestDocsTestExecutionListener, org.springframework.boot.test.autoconfigure.web.client.MockRestServiceServerResetTestExecutionListener, org.springframework.boot.test.autoconfigure.web.servlet.MockMvcPrintOnlyOnFailureTestExecutionListener, org.springframework.boot.test.autoconfigure.web.servlet.WebDriverTestExecutionListener, org.springframework.test.context.web.ServletTestExecutionListener, org.springframework.test.context.support.DirtiesContextBeforeModesTestExecutionListener, org.springframework.test.context.support.DependencyInjectionTestExecutionListener, org.springframework.test.context.support.DirtiesContextTestExecutionListener, org.springframework.test.context.transaction.TransactionalTestExecutionListener, org.springframework.test.context.jdbc.SqlScriptsTestExecutionListener]
21:00:36.134 [Test worker] INFO org.springframework.boot.test.context.SpringBootTestContextBootstrapper - Using TestExecutionListeners: [org.springframework.test.context.web.ServletTestExecutionListener@102da0d5, org.springframework.test.context.support.DirtiesContextBeforeModesTestExecutionListener@1c3e4197, org.springframework.boot.test.autoconfigure.SpringBootDependencyInjectionTestExecutionListener@61fc5434, org.springframework.test.context.support.DirtiesContextTestExecutionListener@70380d5f, org.springframework.test.context.transaction.TransactionalTestExecutionListener@dee3085, org.springframework.test.context.jdbc.SqlScriptsTestExecutionListener@63b2fa56, org.springframework.boot.test.mock.mockito.ResetMocksTestExecutionListener@606c5fe0, org.springframework.boot.test.autoconfigure.web.servlet.MockMvcPrintOnlyOnFailureTestExecutionListener@500ee447, org.springframework.boot.test.autoconfigure.restdocs.RestDocsTestExecutionListener@2c188cdb, org.springframework.boot.test.autoconfigure.web.servlet.WebDriverTestExecutionListener@588cb344, org.springframework.boot.test.autoconfigure.web.client.MockRestServiceServerResetTestExecutionListener@5a9d74ea, org.springframework.boot.test.mock.mockito.MockitoTestExecutionListener@7d169f22]
21:00:36.139 [Test worker] DEBUG org.springframework.test.annotation.ProfileValueUtils - Retrieved @ProfileValueSourceConfiguration [null] for test class [fr.learn.LearnApplicationTests]
21:00:36.140 [Test worker] DEBUG org.springframework.test.annotation.ProfileValueUtils - Retrieved ProfileValueSource type [class org.springframework.test.annotation.SystemProfileValueSource] for class [fr.learn.LearnApplicationTests]
21:00:36.141 [Test worker] DEBUG org.springframework.test.annotation.ProfileValueUtils - Retrieved @ProfileValueSourceConfiguration [null] for test class [fr.learn.LearnApplicationTests]
21:00:36.141 [Test worker] DEBUG org.springframework.test.annotation.ProfileValueUtils - Retrieved ProfileValueSource type [class org.springframework.test.annotation.SystemProfileValueSource] for class [fr.learn.LearnApplicationTests]
21:00:36.150 [Test worker] DEBUG org.springframework.test.context.support.AbstractDirtiesContextTestExecutionListener - Before test class: context [DefaultTestContext@c019196 testClass = LearnApplicationTests, testInstance = [null], testMethod = [null], testException = [null], mergedContextConfiguration = [WebMergedContextConfiguration@7bf34aba testClass = LearnApplicationTests, locations = '{}', classes = '{class fr.learn.LearnApplication}', contextInitializerClasses = '[]', activeProfiles = '{}', propertySourceLocations = '{}', propertySourceProperties = '{org.springframework.boot.test.context.SpringBootTestContextBootstrapper=true}', contextCustomizers = set[org.springframework.boot.test.context.SpringBootTestContextCustomizer@4f280698, org.springframework.boot.test.context.filter.ExcludeFilterContextCustomizer@b308764, org.springframework.boot.test.mock.mockito.MockitoContextCustomizer@0, org.springframework.boot.test.autoconfigure.properties.PropertyMappingContextCustomizer@0, org.springframework.boot.test.autoconfigure.web.servlet.WebDriverContextCustomizerFactory$Customizer@34ddf40a], resourceBasePath = 'src/main/webapp', contextLoader = 'org.springframework.boot.test.context.SpringBootContextLoader', parent = [null]]], class annotated with @DirtiesContext [false] with mode [null].
21:00:36.151 [Test worker] DEBUG org.springframework.test.annotation.ProfileValueUtils - Retrieved @ProfileValueSourceConfiguration [null] for test class [fr.learn.LearnApplicationTests]
21:00:36.151 [Test worker] DEBUG org.springframework.test.annotation.ProfileValueUtils - Retrieved ProfileValueSource type [class org.springframework.test.annotation.SystemProfileValueSource] for class [fr.learn.LearnApplicationTests]
21:00:36.270 [Test worker] DEBUG org.springframework.core.env.StandardEnvironment - Adding [systemProperties] PropertySource with lowest search precedence
21:00:36.271 [Test worker] DEBUG org.springframework.core.env.StandardEnvironment - Adding [systemEnvironment] PropertySource with lowest search precedence
21:00:36.271 [Test worker] DEBUG org.springframework.core.env.StandardEnvironment - Initialized StandardEnvironment with PropertySources [systemProperties,systemEnvironment]
21:00:36.274 [Test worker] DEBUG org.springframework.core.env.MutablePropertySources - Adding [inline] PropertySource with highest search precedence
21:00:36.283 [Test worker] DEBUG org.springframework.test.context.support.TestPropertySourceUtils - Adding inlined properties to environment: {spring.jmx.enabled=false, org.springframework.boot.test.context.SpringBootTestContextBootstrapper=true, server.port=-1}
21:00:36.283 [Test worker] DEBUG org.springframework.core.env.StandardEnvironment - Adding [Inlined Test Properties] PropertySource with highest search precedence

  .   ____          _            __ _ _
 /\\ / ___'_ __ _ _(_)_ __  __ _ \ \ \ \
( ( )\___ | '_ | '_| | '_ \/ _` | \ \ \ \
 \\/  ___)| |_)| | | | | || (_| |  ) ) ) )
  '  |____| .__|_| |_|_| |_\__, | / / / /
 =========|_|==============|___/=/_/_/_/
 :: Spring Boot ::        (v1.5.1.RELEASE)

2017-05-15 21:00:36.719  INFO 7701 --- [    Test worker] fr.learn.LearnApplicationTests           : Starting LearnApplicationTests on ider-Inspiron-3542 with PID 7701 (started by ider in /home/ider/Desktop/ajeter/learn hsqldb)
2017-05-15 21:00:36.721  INFO 7701 --- [    Test worker] fr.learn.LearnApplicationTests           : No active profile set, falling back to default profiles: default
2017-05-15 21:00:36.813  INFO 7701 --- [    Test worker] o.s.w.c.s.GenericWebApplicationContext   : Refreshing org.springframework.web.context.support.GenericWebApplicationContext@5dad81a8: startup date [Mon May 15 21:00:36 CEST 2017]; root of context hierarchy
2017-05-15 21:00:38.070  INFO 7701 --- [    Test worker] o.s.b.f.s.DefaultListableBeanFactory     : Overriding bean definition for bean 'bCryptPasswordEncoder' with a different definition: replacing [Root bean: class [null]; scope=; abstract=false; lazyInit=false; autowireMode=3; dependencyCheck=0; autowireCandidate=true; primary=false; factoryBeanName=securityConfig; factoryMethodName=bCryptPasswordEncoder; initMethodName=null; destroyMethodName=(inferred); defined in class path resource [fr/learn/SecurityConfig.class]] with [Root bean: class [null]; scope=; abstract=false; lazyInit=false; autowireMode=3; dependencyCheck=0; autowireCandidate=true; primary=false; factoryBeanName=memberService; factoryMethodName=bCryptPasswordEncoder; initMethodName=null; destroyMethodName=(inferred); defined in class path resource [fr/learn/member/MemberService.class]]
2017-05-15 21:00:39.105  INFO 7701 --- [    Test worker] trationDelegate$BeanPostProcessorChecker : Bean 'org.springframework.boot.autoconfigure.validation.ValidationAutoConfiguration' of type [class org.springframework.boot.autoconfigure.validation.ValidationAutoConfiguration] is not eligible for getting processed by all BeanPostProcessors (for example: not eligible for auto-proxying)
2017-05-15 21:00:39.270  INFO 7701 --- [    Test worker] trationDelegate$BeanPostProcessorChecker : Bean 'validator' of type [class org.springframework.validation.beanvalidation.LocalValidatorFactoryBean] is not eligible for getting processed by all BeanPostProcessors (for example: not eligible for auto-proxying)
2017-05-15 21:00:39.329  INFO 7701 --- [    Test worker] trationDelegate$BeanPostProcessorChecker : Bean 'org.springframework.transaction.annotation.ProxyTransactionManagementConfiguration' of type [class org.springframework.transaction.annotation.ProxyTransactionManagementConfiguration$$EnhancerBySpringCGLIB$$80adc701] is not eligible for getting processed by all BeanPostProcessors (for example: not eligible for auto-proxying)
2017-05-15 21:00:40.640  INFO 7701 --- [    Test worker] j.LocalContainerEntityManagerFactoryBean : Building JPA container EntityManagerFactory for persistence unit 'default'
2017-05-15 21:00:40.663  INFO 7701 --- [    Test worker] o.hibernate.jpa.internal.util.LogHelper  : HHH000204: Processing PersistenceUnitInfo [
	name: default
	...]
2017-05-15 21:00:40.747  INFO 7701 --- [    Test worker] org.hibernate.Version                    : HHH000412: Hibernate Core {5.0.11.Final}
2017-05-15 21:00:40.749  INFO 7701 --- [    Test worker] org.hibernate.cfg.Environment            : HHH000206: hibernate.properties not found
2017-05-15 21:00:40.751  INFO 7701 --- [    Test worker] org.hibernate.cfg.Environment            : HHH000021: Bytecode provider name : javassist
2017-05-15 21:00:40.802  INFO 7701 --- [    Test worker] o.hibernate.annotations.common.Version   : HCANN000001: Hibernate Commons Annotations {5.0.1.Final}
2017-05-15 21:00:41.097  INFO 7701 --- [    Test worker] org.hibernate.dialect.Dialect            : HHH000400: Using dialect: org.hibernate.dialect.HSQLDialect
2017-05-15 21:00:41.956  INFO 7701 --- [    Test worker] org.hibernate.tool.hbm2ddl.SchemaExport  : HHH000227: Running hbm2ddl schema export
Hibernate: alter table course drop constraint FKkcqry8au976fmoov49prx1212
Hibernate: alter table exercise drop constraint FKoohf1t296xtx5kt0waihyna1k
Hibernate: alter table lesson drop constraint FKjs3c7skmg8bvdddok5lc7s807
Hibernate: alter table member_role drop constraint FKdiix07v86r3ntrbs3l02qr7y0
Hibernate: alter table member_role drop constraint FK34g7epqlcxqloewku3aoqhhmg
Hibernate: drop table course if exists
Hibernate: drop table exercise if exists
Hibernate: drop table lesson if exists
Hibernate: drop table member if exists
Hibernate: drop table member_role if exists
Hibernate: drop table role if exists
Hibernate: create table course (id bigint generated by default as identity (start with 1), date_of_creation timestamp, description varchar(255) not null, image varchar(20971520), subject varchar(255) not null, member_id bigint, primary key (id))
Hibernate: create table exercise (id bigint generated by default as identity (start with 1), language varchar(255), subject varchar(255) not null, title varchar(255) not null, lesson_id bigint, primary key (id))
Hibernate: create table lesson (id bigint generated by default as identity (start with 1), content varchar(255) not null, date_of_creation timestamp, title varchar(255) not null, course_id bigint, primary key (id))
Hibernate: create table member (id bigint generated by default as identity (start with 1), date_of_registration timestamp, date_of_birth timestamp, email varchar(255) not null, first_name varchar(255) not null, name varchar(255) not null, password varchar(255), pseudo varchar(255) not null, primary key (id))
Hibernate: create table member_role (member_id bigint not null, role_id bigint not null, primary key (member_id, role_id))
Hibernate: create table role (id bigint generated by default as identity (start with 1), name varchar(255), primary key (id))
Hibernate: alter table member add constraint UK_mbmcqelty0fbrvxp1q58dn57t unique (email)
Hibernate: alter table member add constraint UK_bot25sxfkrv0hmmo5g111pfwo unique (pseudo)
Hibernate: alter table course add constraint FKkcqry8au976fmoov49prx1212 foreign key (member_id) references member
Hibernate: alter table exercise add constraint FKoohf1t296xtx5kt0waihyna1k foreign key (lesson_id) references lesson
Hibernate: alter table lesson add constraint FKjs3c7skmg8bvdddok5lc7s807 foreign key (course_id) references course
Hibernate: alter table member_role add constraint FKdiix07v86r3ntrbs3l02qr7y0 foreign key (role_id) references role
Hibernate: alter table member_role add constraint FK34g7epqlcxqloewku3aoqhhmg foreign key (member_id) references member
2017-05-15 21:00:41.979  INFO 7701 --- [    Test worker] org.hibernate.tool.hbm2ddl.SchemaExport  : HHH000230: Schema export complete
2017-05-15 21:00:42.033  INFO 7701 --- [    Test worker] j.LocalContainerEntityManagerFactoryBean : Initialized JPA EntityManagerFactory for persistence unit 'default'
2017-05-15 21:00:43.805  INFO 7701 --- [    Test worker] o.s.s.web.DefaultSecurityFilterChain     : Creating filter chain: org.springframework.security.web.util.matcher.AnyRequestMatcher@1, [org.springframework.security.web.context.request.async.WebAsyncManagerIntegrationFilter@1724c4d6, org.springframework.security.web.context.SecurityContextPersistenceFilter@61238f9e, org.springframework.security.web.header.HeaderWriterFilter@16da6d61, org.springframework.security.web.authentication.logout.LogoutFilter@3def73e, org.springframework.security.web.authentication.UsernamePasswordAuthenticationFilter@4d3cc178, org.springframework.security.web.savedrequest.RequestCacheAwareFilter@2615c05, org.springframework.security.web.servletapi.SecurityContextHolderAwareRequestFilter@14fe113a, org.springframework.security.web.authentication.AnonymousAuthenticationFilter@35ec85a, org.springframework.security.web.session.SessionManagementFilter@75066d25, org.springframework.security.web.access.ExceptionTranslationFilter@4682c1b4, org.springframework.security.web.access.intercept.FilterSecurityInterceptor@47c2492a]
2017-05-15 21:00:44.310  INFO 7701 --- [    Test worker] s.w.s.m.m.a.RequestMappingHandlerAdapter : Looking for @ControllerAdvice: org.springframework.web.context.support.GenericWebApplicationContext@5dad81a8: startup date [Mon May 15 21:00:36 CEST 2017]; root of context hierarchy
2017-05-15 21:00:44.461  INFO 7701 --- [    Test worker] s.w.s.m.m.a.RequestMappingHandlerMapping : Mapped "{[/resources/getCode],methods=[POST]}" onto public java.lang.String fr.learn.compilation.CompilationController.getCode(java.lang.String)
2017-05-15 21:00:44.463  INFO 7701 --- [    Test worker] s.w.s.m.m.a.RequestMappingHandlerMapping : Mapped "{[/resources/compileC],methods=[POST]}" onto public java.lang.String fr.learn.compilation.CompilationController.compileC(java.lang.String)
2017-05-15 21:00:44.464  INFO 7701 --- [    Test worker] s.w.s.m.m.a.RequestMappingHandlerMapping : Mapped "{[/resources/compileCpp],methods=[POST]}" onto public java.lang.String fr.learn.compilation.CompilationController.compileCpp(java.lang.String)
2017-05-15 21:00:44.464  INFO 7701 --- [    Test worker] s.w.s.m.m.a.RequestMappingHandlerMapping : Mapped "{[/resources/compilePython],methods=[POST]}" onto public java.lang.String fr.learn.compilation.CompilationController.compilePython(java.lang.String)
2017-05-15 21:00:44.465  INFO 7701 --- [    Test worker] s.w.s.m.m.a.RequestMappingHandlerMapping : Mapped "{[/resources/courses/{idCourse}],methods=[GET]}" onto public fr.learn.dao.Course fr.learn.course.CourseController.getCourse(java.lang.Long)
2017-05-15 21:00:44.466  INFO 7701 --- [    Test worker] s.w.s.m.m.a.RequestMappingHandlerMapping : Mapped "{[/resources/courses],methods=[GET]}" onto public java.util.List<fr.learn.dao.Course> fr.learn.course.CourseController.getAllCourses()
2017-05-15 21:00:44.466  INFO 7701 --- [    Test worker] s.w.s.m.m.a.RequestMappingHandlerMapping : Mapped "{[/resources/courses],methods=[POST]}" onto public boolean fr.learn.course.CourseController.addCourse(fr.learn.dao.Course)
2017-05-15 21:00:44.467  INFO 7701 --- [    Test worker] s.w.s.m.m.a.RequestMappingHandlerMapping : Mapped "{[/resources/courses/{idCourse}],methods=[PUT]}" onto public java.lang.Boolean fr.learn.course.CourseController.modifyCourses(fr.learn.dao.Course,java.lang.Long)
2017-05-15 21:00:44.467  INFO 7701 --- [    Test worker] s.w.s.m.m.a.RequestMappingHandlerMapping : Mapped "{[/resources/courses/{idCourse}],methods=[DELETE]}" onto public boolean fr.learn.course.CourseController.deleteCourse(java.lang.Long)
2017-05-15 21:00:44.468  INFO 7701 --- [    Test worker] s.w.s.m.m.a.RequestMappingHandlerMapping : Mapped "{[/resources/courses/{idCourse}/lessons/{idLesson}/exercises],methods=[POST]}" onto public boolean fr.learn.exercise.ExerciseController.addExercise(java.lang.Long,fr.learn.dao.Exercise)
2017-05-15 21:00:44.469  INFO 7701 --- [    Test worker] s.w.s.m.m.a.RequestMappingHandlerMapping : Mapped "{[/resources/courses/{idCourse}/lessons/{idLesson}/exercises/{idExercise}],methods=[PUT]}" onto public boolean fr.learn.exercise.ExerciseController.updateExercise(java.lang.Long,fr.learn.dao.Exercise)
2017-05-15 21:00:44.470  INFO 7701 --- [    Test worker] s.w.s.m.m.a.RequestMappingHandlerMapping : Mapped "{[/resources/courses/{idCourse}/lessons/{idLesson}/exercises/{idExercise}],methods=[DELETE]}" onto public boolean fr.learn.exercise.ExerciseController.deleteExercise(java.lang.Long)
2017-05-15 21:00:44.470  INFO 7701 --- [    Test worker] s.w.s.m.m.a.RequestMappingHandlerMapping : Mapped "{[/resources/courses/{idCourse}/lessons/{idLesson}/exercises],methods=[GET]}" onto public java.util.List<fr.learn.dao.Exercise> fr.learn.exercise.ExerciseController.getAllExercisesOfLesson(java.lang.Long)
2017-05-15 21:00:44.470  INFO 7701 --- [    Test worker] s.w.s.m.m.a.RequestMappingHandlerMapping : Mapped "{[/resources/courses/{idCourse}/lessons/{idLesson}/exercises/{idExercise}],methods=[GET]}" onto public fr.learn.dao.Exercise fr.learn.exercise.ExerciseController.getExerciseById(java.lang.Long)
2017-05-15 21:00:44.475  INFO 7701 --- [    Test worker] s.w.s.m.m.a.RequestMappingHandlerMapping : Mapped "{[/resources/courses/{idCourse}/lessons/{idLesson}],methods=[GET]}" onto public fr.learn.dao.Lesson fr.learn.lesson.LessonController.getLesson(java.lang.Long)
2017-05-15 21:00:44.475  INFO 7701 --- [    Test worker] s.w.s.m.m.a.RequestMappingHandlerMapping : Mapped "{[/resources/courses/{idCourse}/lessons],methods=[GET]}" onto public java.util.List<fr.learn.dao.Lesson> fr.learn.lesson.LessonController.getAllLessonsOfCourse(java.lang.Long)
2017-05-15 21:00:44.476  INFO 7701 --- [    Test worker] s.w.s.m.m.a.RequestMappingHandlerMapping : Mapped "{[/resources/courses/{idCourse}/lessons],methods=[POST]}" onto public boolean fr.learn.lesson.LessonController.addLesson(java.lang.Long,fr.learn.dao.Lesson)
2017-05-15 21:00:44.476  INFO 7701 --- [    Test worker] s.w.s.m.m.a.RequestMappingHandlerMapping : Mapped "{[/resources/courses/{idCourse}/lessons/{idLesson}],methods=[DELETE]}" onto public boolean fr.learn.lesson.LessonController.deleteLesson(java.lang.Long)
2017-05-15 21:00:44.476  INFO 7701 --- [    Test worker] s.w.s.m.m.a.RequestMappingHandlerMapping : Mapped "{[/resources/courses/{idCourse}/lessons/{idLesson}],methods=[PUT]}" onto public boolean fr.learn.lesson.LessonController.updateLesson(java.lang.Long,fr.learn.dao.Lesson)
2017-05-15 21:00:44.478  INFO 7701 --- [    Test worker] s.w.s.m.m.a.RequestMappingHandlerMapping : Mapped "{[/resources/members/{idMember}],methods=[GET]}" onto public fr.learn.dao.Member fr.learn.member.MemberController.getMember(long)
2017-05-15 21:00:44.479  INFO 7701 --- [    Test worker] s.w.s.m.m.a.RequestMappingHandlerMapping : Mapped "{[/resources/members],methods=[POST]}" onto public boolean fr.learn.member.MemberController.registerMember(fr.learn.dao.Member)
2017-05-15 21:00:44.479  INFO 7701 --- [    Test worker] s.w.s.m.m.a.RequestMappingHandlerMapping : Mapped "{[/resources/members],methods=[GET]}" onto public java.util.List<fr.learn.dao.Member> fr.learn.member.MemberController.getAllMembers()
2017-05-15 21:00:44.480  INFO 7701 --- [    Test worker] s.w.s.m.m.a.RequestMappingHandlerMapping : Mapped "{[/resources/members/{idMember}],methods=[DELETE]}" onto public boolean fr.learn.member.MemberController.deleteMember(java.lang.Long)
2017-05-15 21:00:44.480  INFO 7701 --- [    Test worker] s.w.s.m.m.a.RequestMappingHandlerMapping : Mapped "{[/resources/members/{idMember}],methods=[PUT]}" onto public boolean fr.learn.member.MemberController.updateMember(java.lang.Long,fr.learn.dao.Member)
2017-05-15 21:00:44.480  INFO 7701 --- [    Test worker] s.w.s.m.m.a.RequestMappingHandlerMapping : Mapped "{[/resources/members/loggedIn],methods=[GET]}" onto public fr.learn.dao.Member fr.learn.member.MemberController.getLoggedInMember()
2017-05-15 21:00:44.481  INFO 7701 --- [    Test worker] s.w.s.m.m.a.RequestMappingHandlerMapping : Mapped "{[/resources/members/changePassword],methods=[GET]}" onto public boolean fr.learn.member.MemberController.changeMemberPassword(java.lang.String)
2017-05-15 21:00:44.481  INFO 7701 --- [    Test worker] s.w.s.m.m.a.RequestMappingHandlerMapping : Mapped "{[/resources/members/pseudo/validate]}" onto public org.springframework.http.ResponseEntity<java.lang.String> fr.learn.member.MemberController.pseudoExists(java.lang.String)
2017-05-15 21:00:44.482  INFO 7701 --- [    Test worker] s.w.s.m.m.a.RequestMappingHandlerMapping : Mapped "{[/resources/members/email/validate]}" onto public org.springframework.http.ResponseEntity<java.lang.String> fr.learn.member.MemberController.mailExists(java.lang.String)
2017-05-15 21:00:44.486  INFO 7701 --- [    Test worker] s.w.s.m.m.a.RequestMappingHandlerMapping : Mapped "{[/error],produces=[text/html]}" onto public org.springframework.web.servlet.ModelAndView org.springframework.boot.autoconfigure.web.BasicErrorController.errorHtml(javax.servlet.http.HttpServletRequest,javax.servlet.http.HttpServletResponse)
2017-05-15 21:00:44.486  INFO 7701 --- [    Test worker] s.w.s.m.m.a.RequestMappingHandlerMapping : Mapped "{[/error]}" onto public org.springframework.http.ResponseEntity<java.util.Map<java.lang.String, java.lang.Object>> org.springframework.boot.autoconfigure.web.BasicErrorController.error(javax.servlet.http.HttpServletRequest)
2017-05-15 21:00:44.555  INFO 7701 --- [    Test worker] o.s.w.s.handler.SimpleUrlHandlerMapping  : Mapped URL path [/webjars/**] onto handler of type [class org.springframework.web.servlet.resource.ResourceHttpRequestHandler]
2017-05-15 21:00:44.555  INFO 7701 --- [    Test worker] o.s.w.s.handler.SimpleUrlHandlerMapping  : Mapped URL path [/**] onto handler of type [class org.springframework.web.servlet.resource.ResourceHttpRequestHandler]
2017-05-15 21:00:44.644  INFO 7701 --- [    Test worker] o.s.w.s.handler.SimpleUrlHandlerMapping  : Mapped URL path [/**/favicon.ico] onto handler of type [class org.springframework.web.servlet.resource.ResourceHttpRequestHandler]
2017-05-15 21:00:44.692  INFO 7701 --- [    Test worker] oConfiguration$WelcomePageHandlerMapping : Adding welcome page: ServletContext resource [/index.html]
2017-05-15 21:00:45.240  INFO 7701 --- [    Test worker] fr.learn.LearnApplicationTests           : Started LearnApplicationTests in 8.941 seconds (JVM running for 10.993)
]]></system-out>
  <system-err><![CDATA[]]></system-err>
</testsuite>
